<?xml version="1.0" encoding="UTF-8"?>
<!DOCTYPE suite SYSTEM "https://testng.org/testng-1.0.dtd">

<!--
SELENIUMGRIDTEST EN 3 NAVEGADORES
- Chrome, Firefox Y Edge en paralelo
- Usa parÃ¡metros browser
-->

<suite name="SeleniumGridTestTripleBrowser"
       parallel="tests"
       thread-count="3"
       verbose="1"
       time-out="600000">

    <!-- Listeners para Allure reporting -->
    <listeners>
        <listener class-name="io.qameta.allure.testng.AllureTestNg"/>
    </listeners>

    <!-- SELENIUMGRIDTEST EN CHROME -->
    <test name="SeleniumGridTest-Chrome" preserve-order="false">
        <parameter name="browser" value="chrome"/>
        <classes>
            <class name="com.selenium.grid.test.SeleniumGridTest"/>
        </classes>
    </test>

    <!-- SELENIUMGRIDTEST EN FIREFOX -->
    <test name="SeleniumGridTest-Firefox" preserve-order="false">
        <parameter name="browser" value="firefox"/>
        <classes>
            <class name="com.selenium.grid.test.SeleniumGridTest"/>
        </classes>
    </test>

    <!-- SELENIUMGRIDTEST EN EDGE -->
    <test name="SeleniumGridTest-Edge" preserve-order="false">
        <parameter name="browser" value="edge"/>
        <classes>
            <class name="com.selenium.grid.test.SeleniumGridTest"/>
        </classes>
    </test>

</suite>